2015/01/01 0:39:37 にビルドを開始しました。
     1>ノード 2 上のプロジェクト "G:\GitHub\Node-Image-Generator\png\png_library\libpng17\projects\vstudio\zlib\zlib.vcxproj" (Rebuild ターゲット)。
     1>ClCompile:
         C:\Program Files (x86)\Microsoft Visual Studio 12.0\VC\bin\x86_amd64\CL.exe /c /Zi /nologo /W3 /WX /Ox /Oi /GL /D WIN32 /D NDEBUG /D _WINDOWS /D Z_SOLO /Gm- /EHsc /MD /GS- /Gy /fp:precise /Zc:wchar_t /Zc:forScope /Fo"x64\Release\\" /Fd"x64\Release\vc120.pdb" /FR"x64\Release\\" /Gd /TC /errorReport:prompt ..\..\..\..\zlib\adler32.c ..\..\..\..\zlib\compress.c ..\..\..\..\zlib\crc32.c ..\..\..\..\zlib\deflate.c ..\..\..\..\zlib\infback.c ..\..\..\..\zlib\inffast.c ..\..\..\..\zlib\inflate.c ..\..\..\..\zlib\inftrees.c ..\..\..\..\zlib\trees.c ..\..\..\..\zlib\uncompr.c ..\..\..\..\zlib\zutil.c
         adler32.c
         compress.c
         crc32.c
         deflate.c
         infback.c
         inffast.c
         inflate.c
         inftrees.c
         trees.c
         uncompr.c
         zutil.c
       Lib:
         C:\Program Files (x86)\Microsoft Visual Studio 12.0\VC\bin\x86_amd64\Lib.exe /OUT:"G:\GitHub\Node-Image-Generator\png\png_library\libpng17\projects\vstudio\x64\Release\zlib.lib" /NOLOGO /MACHINE:X64 /LTCG x64\Release\adler32.obj
         x64\Release\compress.obj
         x64\Release\crc32.obj
         x64\Release\deflate.obj
         x64\Release\infback.obj
         x64\Release\inffast.obj
         x64\Release\inflate.obj
         x64\Release\inftrees.obj
         x64\Release\trees.obj
         x64\Release\uncompr.obj
         x64\Release\zutil.obj
         zlib.vcxproj -> G:\GitHub\Node-Image-Generator\png\png_library\libpng17\projects\vstudio\x64\Release\zlib.lib
       BscMake:
         C:\Program Files (x86)\Microsoft Visual Studio 12.0\VC\bin\bscmake.exe /nologo /o"G:\GitHub\Node-Image-Generator\png\png_library\libpng17\projects\vstudio\x64\Release\zlib.bsc" x64\Release\adler32.sbr x64\Release\compress.sbr x64\Release\crc32.sbr x64\Release\deflate.sbr x64\Release\infback.sbr x64\Release\inffast.sbr x64\Release\inflate.sbr x64\Release\inftrees.sbr x64\Release\trees.sbr x64\Release\uncompr.sbr x64\Release\zutil.sbr
     1>プロジェクト "G:\GitHub\Node-Image-Generator\png\png_library\libpng17\projects\vstudio\zlib\zlib.vcxproj" (Rebuild ターゲット) のビルドが完了しました。

ビルドに成功しました。

経過時間 00:00:00.72
