g:\github\node-image-generator\png\png_library\libpng17\projects\vstudio\x64\release\zlib.bsc
g:\github\node-image-generator\png\png_library\libpng17\projects\vstudio\zlib\x64\release\vc120.pdb
g:\github\node-image-generator\png\png_library\libpng17\projects\vstudio\zlib\x64\release\adler32.sbr
g:\github\node-image-generator\png\png_library\libpng17\projects\vstudio\zlib\x64\release\compress.sbr
g:\github\node-image-generator\png\png_library\libpng17\projects\vstudio\zlib\x64\release\crc32.sbr
g:\github\node-image-generator\png\png_library\libpng17\projects\vstudio\zlib\x64\release\deflate.sbr
g:\github\node-image-generator\png\png_library\libpng17\projects\vstudio\zlib\x64\release\infback.sbr
g:\github\node-image-generator\png\png_library\libpng17\projects\vstudio\zlib\x64\release\inffast.sbr
g:\github\node-image-generator\png\png_library\libpng17\projects\vstudio\zlib\x64\release\inflate.sbr
g:\github\node-image-generator\png\png_library\libpng17\projects\vstudio\zlib\x64\release\inftrees.sbr
g:\github\node-image-generator\png\png_library\libpng17\projects\vstudio\zlib\x64\release\trees.sbr
g:\github\node-image-generator\png\png_library\libpng17\projects\vstudio\zlib\x64\release\uncompr.sbr
g:\github\node-image-generator\png\png_library\libpng17\projects\vstudio\zlib\x64\release\zutil.sbr
g:\github\node-image-generator\png\png_library\libpng17\projects\vstudio\zlib\x64\release\zutil.obj
g:\github\node-image-generator\png\png_library\libpng17\projects\vstudio\zlib\x64\release\uncompr.obj
g:\github\node-image-generator\png\png_library\libpng17\projects\vstudio\zlib\x64\release\trees.obj
g:\github\node-image-generator\png\png_library\libpng17\projects\vstudio\zlib\x64\release\inftrees.obj
g:\github\node-image-generator\png\png_library\libpng17\projects\vstudio\zlib\x64\release\inflate.obj
g:\github\node-image-generator\png\png_library\libpng17\projects\vstudio\zlib\x64\release\inffast.obj
g:\github\node-image-generator\png\png_library\libpng17\projects\vstudio\zlib\x64\release\infback.obj
g:\github\node-image-generator\png\png_library\libpng17\projects\vstudio\zlib\x64\release\deflate.obj
g:\github\node-image-generator\png\png_library\libpng17\projects\vstudio\zlib\x64\release\crc32.obj
g:\github\node-image-generator\png\png_library\libpng17\projects\vstudio\zlib\x64\release\compress.obj
g:\github\node-image-generator\png\png_library\libpng17\projects\vstudio\zlib\x64\release\adler32.obj
g:\github\node-image-generator\png\png_library\libpng17\projects\vstudio\x64\release\zlib.lib
g:\github\node-image-generator\png\png_library\libpng17\projects\vstudio\zlib\x64\release\zlib.tlog\bscmake.command.1.tlog
g:\github\node-image-generator\png\png_library\libpng17\projects\vstudio\zlib\x64\release\zlib.tlog\bscmake.read.1.tlog
g:\github\node-image-generator\png\png_library\libpng17\projects\vstudio\zlib\x64\release\zlib.tlog\bscmake.write.1.tlog
g:\github\node-image-generator\png\png_library\libpng17\projects\vstudio\zlib\x64\release\zlib.tlog\cl.command.1.tlog
g:\github\node-image-generator\png\png_library\libpng17\projects\vstudio\zlib\x64\release\zlib.tlog\cl.read.1.tlog
g:\github\node-image-generator\png\png_library\libpng17\projects\vstudio\zlib\x64\release\zlib.tlog\cl.write.1.tlog
g:\github\node-image-generator\png\png_library\libpng17\projects\vstudio\zlib\x64\release\zlib.tlog\lib-link.read.1.tlog
g:\github\node-image-generator\png\png_library\libpng17\projects\vstudio\zlib\x64\release\zlib.tlog\lib-link.write.1.tlog
g:\github\node-image-generator\png\png_library\libpng17\projects\vstudio\zlib\x64\release\zlib.tlog\lib.command.1.tlog
