g:\github\node-image-generator\png\png_library\libpng17\projects\vstudio\x64\debug\libpng17.bsc
g:\github\node-image-generator\png\png_library\libpng17\projects\vstudio\libpng\x64\debug\libpng17.pch
g:\github\node-image-generator\png\png_library\libpng17\projects\vstudio\libpng\x64\debug\vc120.pdb
g:\github\node-image-generator\png\png_library\libpng17\projects\vstudio\libpng\x64\debug\png.sbr
g:\github\node-image-generator\png\png_library\libpng17\projects\vstudio\libpng\x64\debug\png.obj
g:\github\node-image-generator\png\png_library\libpng17\projects\vstudio\libpng\x64\debug\pngerror.sbr
g:\github\node-image-generator\png\png_library\libpng17\projects\vstudio\libpng\x64\debug\pngget.sbr
g:\github\node-image-generator\png\png_library\libpng17\projects\vstudio\libpng\x64\debug\pngmem.sbr
g:\github\node-image-generator\png\png_library\libpng17\projects\vstudio\libpng\x64\debug\pngpread.sbr
g:\github\node-image-generator\png\png_library\libpng17\projects\vstudio\libpng\x64\debug\pngread.sbr
g:\github\node-image-generator\png\png_library\libpng17\projects\vstudio\libpng\x64\debug\pngrio.sbr
g:\github\node-image-generator\png\png_library\libpng17\projects\vstudio\libpng\x64\debug\pngrtran.sbr
g:\github\node-image-generator\png\png_library\libpng17\projects\vstudio\libpng\x64\debug\pngrutil.sbr
g:\github\node-image-generator\png\png_library\libpng17\projects\vstudio\libpng\x64\debug\pngset.sbr
g:\github\node-image-generator\png\png_library\libpng17\projects\vstudio\libpng\x64\debug\pngtrans.sbr
g:\github\node-image-generator\png\png_library\libpng17\projects\vstudio\libpng\x64\debug\pngwio.sbr
g:\github\node-image-generator\png\png_library\libpng17\projects\vstudio\libpng\x64\debug\pngwrite.sbr
g:\github\node-image-generator\png\png_library\libpng17\projects\vstudio\libpng\x64\debug\pngwtran.sbr
g:\github\node-image-generator\png\png_library\libpng17\projects\vstudio\libpng\x64\debug\pngwutil.sbr
g:\github\node-image-generator\png\png_library\libpng17\projects\vstudio\libpng\x64\debug\pngwutil.obj
g:\github\node-image-generator\png\png_library\libpng17\projects\vstudio\libpng\x64\debug\pngwtran.obj
g:\github\node-image-generator\png\png_library\libpng17\projects\vstudio\libpng\x64\debug\pngwrite.obj
g:\github\node-image-generator\png\png_library\libpng17\projects\vstudio\libpng\x64\debug\pngwio.obj
g:\github\node-image-generator\png\png_library\libpng17\projects\vstudio\libpng\x64\debug\pngtrans.obj
g:\github\node-image-generator\png\png_library\libpng17\projects\vstudio\libpng\x64\debug\pngset.obj
g:\github\node-image-generator\png\png_library\libpng17\projects\vstudio\libpng\x64\debug\pngrutil.obj
g:\github\node-image-generator\png\png_library\libpng17\projects\vstudio\libpng\x64\debug\pngrtran.obj
g:\github\node-image-generator\png\png_library\libpng17\projects\vstudio\libpng\x64\debug\pngrio.obj
g:\github\node-image-generator\png\png_library\libpng17\projects\vstudio\libpng\x64\debug\pngread.obj
g:\github\node-image-generator\png\png_library\libpng17\projects\vstudio\libpng\x64\debug\pngpread.obj
g:\github\node-image-generator\png\png_library\libpng17\projects\vstudio\libpng\x64\debug\pngmem.obj
g:\github\node-image-generator\png\png_library\libpng17\projects\vstudio\libpng\x64\debug\pngget.obj
g:\github\node-image-generator\png\png_library\libpng17\projects\vstudio\libpng\x64\debug\pngerror.obj
g:\github\node-image-generator\png\png_library\libpng17\projects\vstudio\x64\debug\libpng17.lib
g:\github\node-image-generator\png\png_library\libpng17\projects\vstudio\x64\debug\libpng17.exp
g:\github\node-image-generator\png\png_library\libpng17\projects\vstudio\x64\debug\libpng17.dll
g:\github\node-image-generator\png\png_library\libpng17\projects\vstudio\x64\debug\libpng17.pdb
g:\github\node-image-generator\png\png_library\libpng17\projects\vstudio\libpng\x64\debug\pngwin.res
g:\github\node-image-generator\png\png_library\libpng17\projects\vstudio\libpng\x64\debug\libpng.tlog\bscmake.command.1.tlog
g:\github\node-image-generator\png\png_library\libpng17\projects\vstudio\libpng\x64\debug\libpng.tlog\bscmake.read.1.tlog
g:\github\node-image-generator\png\png_library\libpng17\projects\vstudio\libpng\x64\debug\libpng.tlog\bscmake.write.1.tlog
g:\github\node-image-generator\png\png_library\libpng17\projects\vstudio\libpng\x64\debug\libpng.tlog\cl.command.1.tlog
g:\github\node-image-generator\png\png_library\libpng17\projects\vstudio\libpng\x64\debug\libpng.tlog\cl.read.1.tlog
g:\github\node-image-generator\png\png_library\libpng17\projects\vstudio\libpng\x64\debug\libpng.tlog\cl.write.1.tlog
g:\github\node-image-generator\png\png_library\libpng17\projects\vstudio\libpng\x64\debug\libpng.tlog\libpng.write.1u.tlog
g:\github\node-image-generator\png\png_library\libpng17\projects\vstudio\libpng\x64\debug\libpng.tlog\link.command.1.tlog
g:\github\node-image-generator\png\png_library\libpng17\projects\vstudio\libpng\x64\debug\libpng.tlog\link.read.1.tlog
g:\github\node-image-generator\png\png_library\libpng17\projects\vstudio\libpng\x64\debug\libpng.tlog\link.write.1.tlog
g:\github\node-image-generator\png\png_library\libpng17\projects\vstudio\libpng\x64\debug\libpng.tlog\rc.command.1.tlog
g:\github\node-image-generator\png\png_library\libpng17\projects\vstudio\libpng\x64\debug\libpng.tlog\rc.read.1.tlog
g:\github\node-image-generator\png\png_library\libpng17\projects\vstudio\libpng\x64\debug\libpng.tlog\rc.write.1.tlog
