2015/01/01 17:34:06 にビルドを開始しました。
     1>ノード 2 上のプロジェクト "g:\Users\K.Hotta\Desktop\png\png_library\libpng16\projects\vstudio\libpng\libpng.vcxproj" (Build ターゲット)。
     1>ClCompile:
         C:\Program Files (x86)\Microsoft Visual Studio 12.0\VC\bin\x86_amd64\CL.exe /c /I..\..\..\..\zlib /Zi /nologo /W4 /WX /Ox /Oi /GL /D WIN32 /D NDEBUG /D _WINDOWS /D _MBCS /GF /Gm- /EHsc /MT /GS /Gy /fp:precise /fp:except- /Zc:wchar_t- /Zc:forScope /Yc"pngpriv.h" /Fp"x64\Release Library\libpng16.pch" /Fo"x64\Release Library\\" /Fd"x64\Release Library\vc120.pdb" /FR"x64\Release Library\\" /Gd /TC /wd4996 /wd4127 /errorReport:prompt ..\..\..\png.c
         png.c
         C:\Program Files (x86)\Microsoft Visual Studio 12.0\VC\bin\x86_amd64\CL.exe /c /I..\..\..\..\zlib /Zi /nologo /W4 /WX /Ox /Oi /GL /D WIN32 /D NDEBUG /D _WINDOWS /D _MBCS /GF /Gm- /EHsc /MT /GS /Gy /fp:precise /fp:except- /Zc:wchar_t- /Zc:forScope /Yu"pngpriv.h" /Fp"x64\Release Library\libpng16.pch" /Fo"x64\Release Library\\" /Fd"x64\Release Library\vc120.pdb" /FR"x64\Release Library\\" /Gd /TC /wd4996 /wd4127 /errorReport:prompt ..\..\..\pngerror.c ..\..\..\pngget.c ..\..\..\pngmem.c ..\..\..\pngpread.c ..\..\..\pngread.c ..\..\..\pngrio.c ..\..\..\pngrtran.c ..\..\..\pngrutil.c ..\..\..\pngset.c ..\..\..\pngtrans.c ..\..\..\pngwio.c ..\..\..\pngwrite.c ..\..\..\pngwtran.c ..\..\..\pngwutil.c
         pngerror.c
         pngget.c
         pngmem.c
         pngpread.c
         pngread.c
         pngrio.c
         pngrtran.c
         pngrutil.c
         pngset.c
         pngtrans.c
         pngwio.c
         pngwrite.c
         pngwtran.c
         pngwutil.c
       Lib:
         C:\Program Files (x86)\Microsoft Visual Studio 12.0\VC\bin\x86_amd64\Lib.exe /OUT:"g:\Users\K.Hotta\Desktop\png\png_library\libpng16\projects\vstudio\x64\Release Library\libpng16.lib" /NOLOGO /MACHINE:X64 /LTCG "x64\Release Library\png.obj"
         "x64\Release Library\pngerror.obj"
         "x64\Release Library\pngget.obj"
         "x64\Release Library\pngmem.obj"
         "x64\Release Library\pngpread.obj"
         "x64\Release Library\pngread.obj"
         "x64\Release Library\pngrio.obj"
         "x64\Release Library\pngrtran.obj"
         "x64\Release Library\pngrutil.obj"
         "x64\Release Library\pngset.obj"
         "x64\Release Library\pngtrans.obj"
         "x64\Release Library\pngwio.obj"
         "x64\Release Library\pngwrite.obj"
         "x64\Release Library\pngwtran.obj"
         "x64\Release Library\pngwutil.obj"
         libpng.vcxproj -> g:\Users\K.Hotta\Desktop\png\png_library\libpng16\projects\vstudio\x64\Release Library\libpng16.lib
       BscMake:
         C:\Program Files (x86)\Microsoft Visual Studio 12.0\VC\bin\bscmake.exe /nologo /o"g:\Users\K.Hotta\Desktop\png\png_library\libpng16\projects\vstudio\x64\Release Library\libpng16.bsc" "x64\Release Library\png.sbr" "x64\Release Library\pngerror.sbr" "x64\Release Library\pngget.sbr" "x64\Release Library\pngmem.sbr" "x64\Release Library\pngpread.sbr" "x64\Release Library\pngread.sbr" "x64\Release Library\pngrio.sbr" "x64\Release Library\pngrtran.sbr" "x64\Release Library\pngrutil.sbr" "x64\Release Library\pngset.sbr" "x64\Release Library\pngtrans.sbr" "x64\Release Library\pngwio.sbr" "x64\Release Library\pngwrite.sbr" "x64\Release Library\pngwtran.sbr" "x64\Release Library\pngwutil.sbr"
     1>プロジェクト "g:\Users\K.Hotta\Desktop\png\png_library\libpng16\projects\vstudio\libpng\libpng.vcxproj" (Build ターゲット) のビルドが完了しました。

ビルドに成功しました。

経過時間 00:00:02.31
