2015/01/01 0:42:16 にビルドを開始しました。
     1>ノード 2 上のプロジェクト "G:\GitHub\Node-Image-Generator\png\png_library\libpng17\projects\vstudio\zlib\zlib.vcxproj" (Rebuild ターゲット)。
     1>ClCompile:
         C:\Program Files (x86)\Microsoft Visual Studio 12.0\VC\bin\x86_amd64\CL.exe /c /Zi /nologo /W0 /WX- /Od /D WIN32 /D _DEBUG /D _WINDOWS /D Z_SOLO /Gm- /EHsc /MDd /GS /Gy /fp:precise /Zc:wchar_t /Zc:forScope /Fo"x64\Debug\\" /Fd"x64\Debug\vc120.pdb" /FR"x64\Debug\\" /Gd /TC /errorReport:prompt ..\..\..\..\zlib\adler32.c ..\..\..\..\zlib\compress.c ..\..\..\..\zlib\crc32.c ..\..\..\..\zlib\deflate.c ..\..\..\..\zlib\infback.c ..\..\..\..\zlib\inffast.c ..\..\..\..\zlib\inflate.c ..\..\..\..\zlib\inftrees.c ..\..\..\..\zlib\trees.c ..\..\..\..\zlib\uncompr.c ..\..\..\..\zlib\zutil.c
         adler32.c
         compress.c
         crc32.c
         deflate.c
         infback.c
         inffast.c
         inflate.c
         inftrees.c
         trees.c
         uncompr.c
         zutil.c
         コードを生成中...
       Lib:
         C:\Program Files (x86)\Microsoft Visual Studio 12.0\VC\bin\x86_amd64\Lib.exe /OUT:"G:\GitHub\Node-Image-Generator\png\png_library\libpng17\projects\vstudio\x64\Debug\zlib.lib" /NOLOGO /MACHINE:X64 x64\Debug\adler32.obj
         x64\Debug\compress.obj
         x64\Debug\crc32.obj
         x64\Debug\deflate.obj
         x64\Debug\infback.obj
         x64\Debug\inffast.obj
         x64\Debug\inflate.obj
         x64\Debug\inftrees.obj
         x64\Debug\trees.obj
         x64\Debug\uncompr.obj
         x64\Debug\zutil.obj
         zlib.vcxproj -> G:\GitHub\Node-Image-Generator\png\png_library\libpng17\projects\vstudio\x64\Debug\zlib.lib
       BscMake:
         C:\Program Files (x86)\Microsoft Visual Studio 12.0\VC\bin\bscmake.exe /nologo /o"G:\GitHub\Node-Image-Generator\png\png_library\libpng17\projects\vstudio\x64\Debug\zlib.bsc" x64\Debug\adler32.sbr x64\Debug\compress.sbr x64\Debug\crc32.sbr x64\Debug\deflate.sbr x64\Debug\infback.sbr x64\Debug\inffast.sbr x64\Debug\inflate.sbr x64\Debug\inftrees.sbr x64\Debug\trees.sbr x64\Debug\uncompr.sbr x64\Debug\zutil.sbr
     1>プロジェクト "G:\GitHub\Node-Image-Generator\png\png_library\libpng17\projects\vstudio\zlib\zlib.vcxproj" (Rebuild ターゲット) のビルドが完了しました。

ビルドに成功しました。

経過時間 00:00:00.66
