g:\github\node-image-generator\png\png_library\libpng17\projects\vstudio\x64\debug\zlib.bsc
g:\github\node-image-generator\png\png_library\libpng17\projects\vstudio\zlib\x64\debug\vc120.pdb
g:\github\node-image-generator\png\png_library\libpng17\projects\vstudio\zlib\x64\debug\adler32.sbr
g:\github\node-image-generator\png\png_library\libpng17\projects\vstudio\zlib\x64\debug\compress.sbr
g:\github\node-image-generator\png\png_library\libpng17\projects\vstudio\zlib\x64\debug\crc32.sbr
g:\github\node-image-generator\png\png_library\libpng17\projects\vstudio\zlib\x64\debug\deflate.sbr
g:\github\node-image-generator\png\png_library\libpng17\projects\vstudio\zlib\x64\debug\infback.sbr
g:\github\node-image-generator\png\png_library\libpng17\projects\vstudio\zlib\x64\debug\inffast.sbr
g:\github\node-image-generator\png\png_library\libpng17\projects\vstudio\zlib\x64\debug\inflate.sbr
g:\github\node-image-generator\png\png_library\libpng17\projects\vstudio\zlib\x64\debug\inftrees.sbr
g:\github\node-image-generator\png\png_library\libpng17\projects\vstudio\zlib\x64\debug\trees.sbr
g:\github\node-image-generator\png\png_library\libpng17\projects\vstudio\zlib\x64\debug\uncompr.sbr
g:\github\node-image-generator\png\png_library\libpng17\projects\vstudio\zlib\x64\debug\zutil.sbr
g:\github\node-image-generator\png\png_library\libpng17\projects\vstudio\zlib\x64\debug\zutil.obj
g:\github\node-image-generator\png\png_library\libpng17\projects\vstudio\zlib\x64\debug\uncompr.obj
g:\github\node-image-generator\png\png_library\libpng17\projects\vstudio\zlib\x64\debug\trees.obj
g:\github\node-image-generator\png\png_library\libpng17\projects\vstudio\zlib\x64\debug\inftrees.obj
g:\github\node-image-generator\png\png_library\libpng17\projects\vstudio\zlib\x64\debug\inflate.obj
g:\github\node-image-generator\png\png_library\libpng17\projects\vstudio\zlib\x64\debug\inffast.obj
g:\github\node-image-generator\png\png_library\libpng17\projects\vstudio\zlib\x64\debug\infback.obj
g:\github\node-image-generator\png\png_library\libpng17\projects\vstudio\zlib\x64\debug\deflate.obj
g:\github\node-image-generator\png\png_library\libpng17\projects\vstudio\zlib\x64\debug\crc32.obj
g:\github\node-image-generator\png\png_library\libpng17\projects\vstudio\zlib\x64\debug\compress.obj
g:\github\node-image-generator\png\png_library\libpng17\projects\vstudio\zlib\x64\debug\adler32.obj
g:\github\node-image-generator\png\png_library\libpng17\projects\vstudio\x64\debug\zlib.lib
g:\github\node-image-generator\png\png_library\libpng17\projects\vstudio\zlib\x64\debug\zlib.tlog\bscmake.command.1.tlog
g:\github\node-image-generator\png\png_library\libpng17\projects\vstudio\zlib\x64\debug\zlib.tlog\bscmake.read.1.tlog
g:\github\node-image-generator\png\png_library\libpng17\projects\vstudio\zlib\x64\debug\zlib.tlog\bscmake.write.1.tlog
g:\github\node-image-generator\png\png_library\libpng17\projects\vstudio\zlib\x64\debug\zlib.tlog\cl.command.1.tlog
g:\github\node-image-generator\png\png_library\libpng17\projects\vstudio\zlib\x64\debug\zlib.tlog\cl.read.1.tlog
g:\github\node-image-generator\png\png_library\libpng17\projects\vstudio\zlib\x64\debug\zlib.tlog\cl.write.1.tlog
g:\github\node-image-generator\png\png_library\libpng17\projects\vstudio\zlib\x64\debug\zlib.tlog\lib-link.read.1.tlog
g:\github\node-image-generator\png\png_library\libpng17\projects\vstudio\zlib\x64\debug\zlib.tlog\lib-link.write.1.tlog
g:\github\node-image-generator\png\png_library\libpng17\projects\vstudio\zlib\x64\debug\zlib.tlog\lib.command.1.tlog
