2015/01/01 17:34:05 にビルドを開始しました。
     1>ノード 2 上のプロジェクト "g:\Users\K.Hotta\Desktop\png\png_library\libpng16\projects\vstudio\zlib\zlib.vcxproj" (Build ターゲット)。
     1>ClCompile:
         C:\Program Files (x86)\Microsoft Visual Studio 12.0\VC\bin\x86_amd64\CL.exe /c /Zi /nologo /W3 /WX /Ox /Oi /GL /D WIN32 /D NDEBUG /D _WINDOWS /D Z_SOLO /Gm- /EHsc /MT /GS- /Gy /fp:precise /Zc:wchar_t /Zc:forScope /Fo"x64\Release Library\\" /Fd"x64\Release Library\vc120.pdb" /FR"x64\Release Library\\" /Gd /TC /errorReport:prompt ..\..\..\..\zlib\adler32.c ..\..\..\..\zlib\compress.c ..\..\..\..\zlib\crc32.c ..\..\..\..\zlib\deflate.c ..\..\..\..\zlib\infback.c ..\..\..\..\zlib\inffast.c ..\..\..\..\zlib\inflate.c ..\..\..\..\zlib\inftrees.c ..\..\..\..\zlib\trees.c ..\..\..\..\zlib\uncompr.c ..\..\..\..\zlib\zutil.c
         adler32.c
         compress.c
         crc32.c
         deflate.c
         infback.c
         inffast.c
         inflate.c
         inftrees.c
         trees.c
         uncompr.c
         zutil.c
       Lib:
         C:\Program Files (x86)\Microsoft Visual Studio 12.0\VC\bin\x86_amd64\Lib.exe /OUT:"g:\Users\K.Hotta\Desktop\png\png_library\libpng16\projects\vstudio\x64\Release Library\zlib.lib" /NOLOGO /MACHINE:X64 /LTCG "x64\Release Library\adler32.obj"
         "x64\Release Library\compress.obj"
         "x64\Release Library\crc32.obj"
         "x64\Release Library\deflate.obj"
         "x64\Release Library\infback.obj"
         "x64\Release Library\inffast.obj"
         "x64\Release Library\inflate.obj"
         "x64\Release Library\inftrees.obj"
         "x64\Release Library\trees.obj"
         "x64\Release Library\uncompr.obj"
         "x64\Release Library\zutil.obj"
         zlib.vcxproj -> g:\Users\K.Hotta\Desktop\png\png_library\libpng16\projects\vstudio\x64\Release Library\zlib.lib
       BscMake:
         C:\Program Files (x86)\Microsoft Visual Studio 12.0\VC\bin\bscmake.exe /nologo /o"g:\Users\K.Hotta\Desktop\png\png_library\libpng16\projects\vstudio\x64\Release Library\zlib.bsc" "x64\Release Library\adler32.sbr" "x64\Release Library\compress.sbr" "x64\Release Library\crc32.sbr" "x64\Release Library\deflate.sbr" "x64\Release Library\infback.sbr" "x64\Release Library\inffast.sbr" "x64\Release Library\inflate.sbr" "x64\Release Library\inftrees.sbr" "x64\Release Library\trees.sbr" "x64\Release Library\uncompr.sbr" "x64\Release Library\zutil.sbr"
     1>プロジェクト "g:\Users\K.Hotta\Desktop\png\png_library\libpng16\projects\vstudio\zlib\zlib.vcxproj" (Build ターゲット) のビルドが完了しました。

ビルドに成功しました。

経過時間 00:00:00.59
