2015/01/01 0:44:02 にビルドを開始しました。
     1>ノード 5 上のプロジェクト "G:\GitHub\Node-Image-Generator\png\png_library\libpng17\projects\vstudio\pngunknown\pngunknown.vcxproj" (Rebuild ターゲット)。
     1>ClCompile:
         C:\Program Files (x86)\Microsoft Visual Studio 12.0\VC\bin\CL.exe /c /I..\..\..\..\zlib /I..\..\..\scripts /Zi /nologo /W4 /WX /Ox /Oi /Oy- /GL /D WIN32 /D NDEBUG /D _CONSOLE /D PNG_USE_DLL /D _UNICODE /D UNICODE /GF /Gm- /EHsc /MD /GS /Gy- /fp:precise /fp:except- /Zc:wchar_t /Zc:forScope /Fo"Release\\" /Fd"Release\vc120.pdb" /FR"Release\\" /Gd /TC /wd4996 /wd4127 /analyze- /errorReport:prompt ..\..\..\contrib\libtests\pngunknown.c
         pngunknown.c
       Link:
         C:\Program Files (x86)\Microsoft Visual Studio 12.0\VC\bin\link.exe /ERRORREPORT:PROMPT /OUT:"G:\GitHub\Node-Image-Generator\png\png_library\libpng17\projects\vstudio\Release\pngunknown.exe" /INCREMENTAL:NO /NOLOGO /LIBPATH:"G:\GitHub\Node-Image-Generator\png\png_library\libpng17\projects\vstudio\Release\\" libpng17.lib /MANIFEST /MANIFESTUAC:"level='asInvoker' uiAccess='false'" /manifest:embed /DEBUG /PDB:"G:\GitHub\Node-Image-Generator\png\png_library\libpng17\projects\vstudio\Release\pngunknown.pdb" /SUBSYSTEM:CONSOLE /OPT:REF /OPT:ICF /LTCG /TLBID:1 /DYNAMICBASE /NXCOMPAT /IMPLIB:"G:\GitHub\Node-Image-Generator\png\png_library\libpng17\projects\vstudio\Release\pngunknown.lib" /MACHINE:X86 /SAFESEH Release\pngunknown.obj
         コード生成しています。
         コード生成が終了しました。
         pngunknown.vcxproj -> G:\GitHub\Node-Image-Generator\png\png_library\libpng17\projects\vstudio\Release\pngunknown.exe
       BscMake:
         C:\Program Files (x86)\Microsoft Visual Studio 12.0\VC\bin\bscmake.exe /nologo /o"G:\GitHub\Node-Image-Generator\png\png_library\libpng17\projects\vstudio\Release\pngunknown.bsc" Release\pngunknown.sbr
       CustomBuildStep:
         "G:\GitHub\Node-Image-Generator\png\png_library\libpng17\projects\vstudio\Release\pngunknown.exe" --strict --default --touch "Release\pngunknown.out" ../../../pngtest.png
         :VCEnd
         PASS: G:\GitHub\Node-Image-Generator\png\png_library\libpng17\projects\vstudio\Release\pngunknown.exe discard
         PASS: G:\GitHub\Node-Image-Generator\png\png_library\libpng17\projects\vstudio\Release\pngunknown.exe save
         PASS: G:\GitHub\Node-Image-Generator\png\png_library\libpng17\projects\vstudio\Release\pngunknown.exe if-safe
         PASS: G:\GitHub\Node-Image-Generator\png\png_library\libpng17\projects\vstudio\Release\pngunknown.exe vpAg
         PASS: G:\GitHub\Node-Image-Generator\png\png_library\libpng17\projects\vstudio\Release\pngunknown.exe sTER
         PASS: G:\GitHub\Node-Image-Generator\png\png_library\libpng17\projects\vstudio\Release\pngunknown.exe IDAT
         PASS: G:\GitHub\Node-Image-Generator\png\png_library\libpng17\projects\vstudio\Release\pngunknown.exe sAPI
     1>プロジェクト "G:\GitHub\Node-Image-Generator\png\png_library\libpng17\projects\vstudio\pngunknown\pngunknown.vcxproj" (Rebuild ターゲット) のビルドが完了しました。

ビルドに成功しました。

経過時間 00:00:01.10
