g:\github\node-image-generator\png\png_library\libpng17\projects\vstudio\x64\release\libpng17.bsc
g:\github\node-image-generator\png\png_library\libpng17\projects\vstudio\libpng\x64\release\libpng17.pch
g:\github\node-image-generator\png\png_library\libpng17\projects\vstudio\libpng\x64\release\vc120.pdb
g:\github\node-image-generator\png\png_library\libpng17\projects\vstudio\libpng\x64\release\png.sbr
g:\github\node-image-generator\png\png_library\libpng17\projects\vstudio\libpng\x64\release\png.obj
g:\github\node-image-generator\png\png_library\libpng17\projects\vstudio\libpng\x64\release\pngerror.sbr
g:\github\node-image-generator\png\png_library\libpng17\projects\vstudio\libpng\x64\release\pngget.sbr
g:\github\node-image-generator\png\png_library\libpng17\projects\vstudio\libpng\x64\release\pngmem.sbr
g:\github\node-image-generator\png\png_library\libpng17\projects\vstudio\libpng\x64\release\pngpread.sbr
g:\github\node-image-generator\png\png_library\libpng17\projects\vstudio\libpng\x64\release\pngread.sbr
g:\github\node-image-generator\png\png_library\libpng17\projects\vstudio\libpng\x64\release\pngrio.sbr
g:\github\node-image-generator\png\png_library\libpng17\projects\vstudio\libpng\x64\release\pngrtran.sbr
g:\github\node-image-generator\png\png_library\libpng17\projects\vstudio\libpng\x64\release\pngrutil.sbr
g:\github\node-image-generator\png\png_library\libpng17\projects\vstudio\libpng\x64\release\pngset.sbr
g:\github\node-image-generator\png\png_library\libpng17\projects\vstudio\libpng\x64\release\pngtrans.sbr
g:\github\node-image-generator\png\png_library\libpng17\projects\vstudio\libpng\x64\release\pngwio.sbr
g:\github\node-image-generator\png\png_library\libpng17\projects\vstudio\libpng\x64\release\pngwrite.sbr
g:\github\node-image-generator\png\png_library\libpng17\projects\vstudio\libpng\x64\release\pngwtran.sbr
g:\github\node-image-generator\png\png_library\libpng17\projects\vstudio\libpng\x64\release\pngwutil.sbr
g:\github\node-image-generator\png\png_library\libpng17\projects\vstudio\libpng\x64\release\pngwutil.obj
g:\github\node-image-generator\png\png_library\libpng17\projects\vstudio\libpng\x64\release\pngwtran.obj
g:\github\node-image-generator\png\png_library\libpng17\projects\vstudio\libpng\x64\release\pngwrite.obj
g:\github\node-image-generator\png\png_library\libpng17\projects\vstudio\libpng\x64\release\pngwio.obj
g:\github\node-image-generator\png\png_library\libpng17\projects\vstudio\libpng\x64\release\pngtrans.obj
g:\github\node-image-generator\png\png_library\libpng17\projects\vstudio\libpng\x64\release\pngset.obj
g:\github\node-image-generator\png\png_library\libpng17\projects\vstudio\libpng\x64\release\pngrutil.obj
g:\github\node-image-generator\png\png_library\libpng17\projects\vstudio\libpng\x64\release\pngrtran.obj
g:\github\node-image-generator\png\png_library\libpng17\projects\vstudio\libpng\x64\release\pngrio.obj
g:\github\node-image-generator\png\png_library\libpng17\projects\vstudio\libpng\x64\release\pngread.obj
g:\github\node-image-generator\png\png_library\libpng17\projects\vstudio\libpng\x64\release\pngpread.obj
g:\github\node-image-generator\png\png_library\libpng17\projects\vstudio\libpng\x64\release\pngmem.obj
g:\github\node-image-generator\png\png_library\libpng17\projects\vstudio\libpng\x64\release\pngget.obj
g:\github\node-image-generator\png\png_library\libpng17\projects\vstudio\libpng\x64\release\pngerror.obj
g:\github\node-image-generator\png\png_library\libpng17\projects\vstudio\x64\release\libpng17.lib
g:\github\node-image-generator\png\png_library\libpng17\projects\vstudio\x64\release\libpng17.exp
g:\github\node-image-generator\png\png_library\libpng17\projects\vstudio\x64\release\libpng17.dll
g:\github\node-image-generator\png\png_library\libpng17\projects\vstudio\x64\release\libpng17.pdb
g:\github\node-image-generator\png\png_library\libpng17\projects\vstudio\libpng\x64\release\pngwin.res
g:\github\node-image-generator\png\png_library\libpng17\projects\vstudio\libpng\x64\release\libpng.tlog\bscmake.command.1.tlog
g:\github\node-image-generator\png\png_library\libpng17\projects\vstudio\libpng\x64\release\libpng.tlog\bscmake.read.1.tlog
g:\github\node-image-generator\png\png_library\libpng17\projects\vstudio\libpng\x64\release\libpng.tlog\bscmake.write.1.tlog
g:\github\node-image-generator\png\png_library\libpng17\projects\vstudio\libpng\x64\release\libpng.tlog\cl.command.1.tlog
g:\github\node-image-generator\png\png_library\libpng17\projects\vstudio\libpng\x64\release\libpng.tlog\cl.read.1.tlog
g:\github\node-image-generator\png\png_library\libpng17\projects\vstudio\libpng\x64\release\libpng.tlog\cl.write.1.tlog
g:\github\node-image-generator\png\png_library\libpng17\projects\vstudio\libpng\x64\release\libpng.tlog\libpng.write.1u.tlog
g:\github\node-image-generator\png\png_library\libpng17\projects\vstudio\libpng\x64\release\libpng.tlog\link.command.1.tlog
g:\github\node-image-generator\png\png_library\libpng17\projects\vstudio\libpng\x64\release\libpng.tlog\link.read.1.tlog
g:\github\node-image-generator\png\png_library\libpng17\projects\vstudio\libpng\x64\release\libpng.tlog\link.write.1.tlog
g:\github\node-image-generator\png\png_library\libpng17\projects\vstudio\libpng\x64\release\libpng.tlog\rc.command.1.tlog
g:\github\node-image-generator\png\png_library\libpng17\projects\vstudio\libpng\x64\release\libpng.tlog\rc.read.1.tlog
g:\github\node-image-generator\png\png_library\libpng17\projects\vstudio\libpng\x64\release\libpng.tlog\rc.write.1.tlog
