2015/01/01 17:35:27 にビルドを開始しました。
     1>ノード 2 上のプロジェクト "g:\Users\K.Hotta\Desktop\png\png_library\libpng16\projects\vstudio\libpng\libpng.vcxproj" (Build ターゲット)。
     1>ClCompile:
         C:\Program Files (x86)\Microsoft Visual Studio 12.0\VC\bin\CL.exe /c /I..\..\..\..\zlib /Zi /nologo /W4 /WX /Ox /Oi /Oy- /GL /D WIN32 /D NDEBUG /D _WINDOWS /D _USRDLL /D _WINDLL /D _MBCS /GF /Gm- /EHsc /MD /GS /Gy /fp:precise /fp:except- /Zc:wchar_t- /Zc:forScope /Yc"pngpriv.h" /Fp"Release\libpng16.pch" /Fo"Release\\" /Fd"Release\vc120.pdb" /FR"Release\\" /Gd /TC /wd4996 /wd4127 /analyze- /errorReport:prompt ..\..\..\png.c
         png.c
         C:\Program Files (x86)\Microsoft Visual Studio 12.0\VC\bin\CL.exe /c /I..\..\..\..\zlib /Zi /nologo /W4 /WX /Ox /Oi /Oy- /GL /D WIN32 /D NDEBUG /D _WINDOWS /D _USRDLL /D _WINDLL /D _MBCS /GF /Gm- /EHsc /MD /GS /Gy /fp:precise /fp:except- /Zc:wchar_t- /Zc:forScope /Yu"pngpriv.h" /Fp"Release\libpng16.pch" /Fo"Release\\" /Fd"Release\vc120.pdb" /FR"Release\\" /Gd /TC /wd4996 /wd4127 /analyze- /errorReport:prompt ..\..\..\pngerror.c ..\..\..\pngget.c ..\..\..\pngmem.c ..\..\..\pngpread.c ..\..\..\pngread.c ..\..\..\pngrio.c ..\..\..\pngrtran.c ..\..\..\pngrutil.c ..\..\..\pngset.c ..\..\..\pngtrans.c ..\..\..\pngwio.c ..\..\..\pngwrite.c ..\..\..\pngwtran.c ..\..\..\pngwutil.c
         pngerror.c
         pngget.c
         pngmem.c
         pngpread.c
         pngread.c
         pngrio.c
         pngrtran.c
         pngrutil.c
         pngset.c
         pngtrans.c
         pngwio.c
         pngwrite.c
         pngwtran.c
         pngwutil.c
       ResourceCompile:
         C:\Program Files (x86)\Windows Kits\8.1\bin\x86\rc.exe /l"0x0409" /nologo /fo"Release\pngwin.res" ..\..\..\scripts\pngwin.rc 
       Link:
         C:\Program Files (x86)\Microsoft Visual Studio 12.0\VC\bin\link.exe /ERRORREPORT:PROMPT /OUT:"g:\Users\K.Hotta\Desktop\png\png_library\libpng16\projects\vstudio\Release\libpng16.dll" /VERSION:"16" /INCREMENTAL:NO /NOLOGO /LIBPATH:g:\Users\K.Hotta\Desktop\png\png_library\libpng16\projects\vstudio\Release\ zlib.lib /MANIFEST /MANIFESTUAC:"level='asInvoker' uiAccess='false'" /manifest:embed /DEBUG /PDB:"g:\Users\K.Hotta\Desktop\png\png_library\libpng16\projects\vstudio\Release\libpng16.pdb" /SUBSYSTEM:WINDOWS /OPT:REF /OPT:ICF /LTCG /TLBID:1 /DYNAMICBASE /NXCOMPAT /IMPLIB:"g:\Users\K.Hotta\Desktop\png\png_library\libpng16\projects\vstudio\Release\libpng16.lib" /MACHINE:X86 /SAFESEH /DLL Release\pngwin.res
         Release\png.obj
         Release\pngerror.obj
         Release\pngget.obj
         Release\pngmem.obj
         Release\pngpread.obj
         Release\pngread.obj
         Release\pngrio.obj
         Release\pngrtran.obj
         Release\pngrutil.obj
         Release\pngset.obj
         Release\pngtrans.obj
         Release\pngwio.obj
         Release\pngwrite.obj
         Release\pngwtran.obj
         Release\pngwutil.obj
            ライブラリ g:\Users\K.Hotta\Desktop\png\png_library\libpng16\projects\vstudio\Release\libpng16.lib とオブジェクト g:\Users\K.Hotta\Desktop\png\png_library\libpng16\projects\vstudio\Release\libpng16.exp を作成中
         コード生成しています。
         コード生成が終了しました。
         libpng.vcxproj -> g:\Users\K.Hotta\Desktop\png\png_library\libpng16\projects\vstudio\Release\libpng16.dll
       BscMake:
         C:\Program Files (x86)\Microsoft Visual Studio 12.0\VC\bin\bscmake.exe /nologo /o"g:\Users\K.Hotta\Desktop\png\png_library\libpng16\projects\vstudio\Release\libpng16.bsc" Release\png.sbr Release\pngerror.sbr Release\pngget.sbr Release\pngmem.sbr Release\pngpread.sbr Release\pngread.sbr Release\pngrio.sbr Release\pngrtran.sbr Release\pngrutil.sbr Release\pngset.sbr Release\pngtrans.sbr Release\pngwio.sbr Release\pngwrite.sbr Release\pngwtran.sbr Release\pngwutil.sbr
     1>プロジェクト "g:\Users\K.Hotta\Desktop\png\png_library\libpng16\projects\vstudio\libpng\libpng.vcxproj" (Build ターゲット) のビルドが完了しました。

ビルドに成功しました。

経過時間 00:00:03.30
