2015/01/01 17:34:52 にビルドを開始しました。
     1>ノード 5 上のプロジェクト "g:\Users\K.Hotta\Desktop\png\png_library\libpng16\projects\vstudio\pngunknown\pngunknown.vcxproj" (Build ターゲット)。
     1>ClCompile:
         C:\Program Files (x86)\Microsoft Visual Studio 12.0\VC\bin\CL.exe /c /I..\..\..\..\zlib /I..\..\..\scripts /Zi /nologo /W4 /WX /Od /Oi /Oy- /D WIN32 /D _DEBUG /D _CONSOLE /D _UNICODE /D UNICODE /GF /Gm- /EHsc /RTC1 /MTd /GS /Gy- /fp:precise /fp:except- /Zc:wchar_t /Zc:forScope /Fo"Debug Library\\" /Fd"Debug Library\vc120.pdb" /FR"Debug Library\\" /Gd /TC /wd4996 /wd4127 /analyze- /errorReport:prompt ..\..\..\contrib\libtests\pngunknown.c
         pngunknown.c
       Link:
         C:\Program Files (x86)\Microsoft Visual Studio 12.0\VC\bin\link.exe /ERRORREPORT:PROMPT /OUT:"g:\Users\K.Hotta\Desktop\png\png_library\libpng16\projects\vstudio\Debug Library\pngunknown.exe" /INCREMENTAL:NO /NOLOGO /LIBPATH:"g:\Users\K.Hotta\Desktop\png\png_library\libpng16\projects\vstudio\Debug Library\\" libpng16.lib zlib.lib /MANIFEST /MANIFESTUAC:"level='asInvoker' uiAccess='false'" /manifest:embed /DEBUG /PDB:"g:\Users\K.Hotta\Desktop\png\png_library\libpng16\projects\vstudio\Debug Library\pngunknown.pdb" /SUBSYSTEM:CONSOLE /TLBID:1 /DYNAMICBASE /NXCOMPAT /IMPLIB:"g:\Users\K.Hotta\Desktop\png\png_library\libpng16\projects\vstudio\Debug Library\pngunknown.lib" /MACHINE:X86 /SAFESEH "Debug Library\pngunknown.obj"
         pngunknown.vcxproj -> g:\Users\K.Hotta\Desktop\png\png_library\libpng16\projects\vstudio\Debug Library\pngunknown.exe
       BscMake:
         C:\Program Files (x86)\Microsoft Visual Studio 12.0\VC\bin\bscmake.exe /nologo /o"g:\Users\K.Hotta\Desktop\png\png_library\libpng16\projects\vstudio\Debug Library\pngunknown.bsc" "Debug Library\pngunknown.sbr"
       CustomBuildStep:
         "g:\Users\K.Hotta\Desktop\png\png_library\libpng16\projects\vstudio\Debug Library\pngunknown.exe" --strict --default --touch "Debug Library\pngunknown.out" ../../../pngtest.png
         :VCEnd
         PASS: g:\Users\K.Hotta\Desktop\png\png_library\libpng16\projects\vstudio\Debug Library\pngunknown.exe discard
         PASS: g:\Users\K.Hotta\Desktop\png\png_library\libpng16\projects\vstudio\Debug Library\pngunknown.exe save
         PASS: g:\Users\K.Hotta\Desktop\png\png_library\libpng16\projects\vstudio\Debug Library\pngunknown.exe if-safe
         PASS: g:\Users\K.Hotta\Desktop\png\png_library\libpng16\projects\vstudio\Debug Library\pngunknown.exe vpAg
         PASS: g:\Users\K.Hotta\Desktop\png\png_library\libpng16\projects\vstudio\Debug Library\pngunknown.exe sTER
         PASS: g:\Users\K.Hotta\Desktop\png\png_library\libpng16\projects\vstudio\Debug Library\pngunknown.exe IDAT
         PASS: g:\Users\K.Hotta\Desktop\png\png_library\libpng16\projects\vstudio\Debug Library\pngunknown.exe sAPI
     1>プロジェクト "g:\Users\K.Hotta\Desktop\png\png_library\libpng16\projects\vstudio\pngunknown\pngunknown.vcxproj" (Build ターゲット) のビルドが完了しました。

ビルドに成功しました。

経過時間 00:00:01.99
