2015/01/01 0:57:15 にビルドを開始しました。
     1>ノード 2 上のプロジェクト "G:\GitHub\Node-Image-Generator\png\build\png.vcxproj" (Build ターゲット)。
     1>ClCompile:
         C:\Program Files (x86)\Microsoft Visual Studio 12.0\VC\bin\CL.exe /c /I"C:\Users\K.Hotta\.node-gyp\0.10.28\src" /I"C:\Users\K.Hotta\.node-gyp\0.10.28\deps\uv\include" /I"C:\Users\K.Hotta\.node-gyp\0.10.28\deps\v8\include" /I..\src\include /Zi /nologo /W3 /WX- /Ox /Ob2 /Oi /Ot /Oy- /GL /D WIN32 /D _CRT_SECURE_NO_DEPRECATE /D _CRT_NONSTDC_NO_DEPRECATE /D BUILDING_V8_SHARED=1 /D BUILDING_UV_SHARED=1 /D BUILDING_NODE_EXTENSION /D _WINDLL /D _MBCS /GF /Gm- /MT /GS /Gy /fp:precise /Zc:wchar_t /Zc:forScope /GR- /Fo"obj\png\\" /Fd"obj\png\vc120.pdb" /Gd /TP /wd4251 /analyze- /errorReport:prompt /MP ..\png.cc
         png.cc
     1>g:\github\node-image-generator\png\MakePNG.h(3): warning C4067: プリプロセッサ ディレクティブの後に余分な文字がありました - 改行が必要です
     1>C:\Program Files (x86)\Microsoft Visual Studio 12.0\VC\include\xlocale(337): warning C4530: C++ 例外処理を使っていますが、アンワインド セマンティクスは有効にはなりません。/EHsc を指定してください。
     1>g:\github\node-image-generator\png\encoder.h(4): warning C4067: プリプロセッサ ディレクティブの後に余分な文字がありました - 改行が必要です
     1>g:\github\node-image-generator\png\encoder.h(96): warning C4101: 'err' : ローカル変数は 1 度も使われていません。
     1>..\png.cc(7): warning C4067: プリプロセッサ ディレクティブの後に余分な文字がありました - 改行が必要です
     1>..\png.cc(16): warning C4101: 'raw' : ローカル変数は 1 度も使われていません。
     1>..\png.cc(15): warning C4101: 'i' : ローカル変数は 1 度も使われていません。
     1>..\png.cc(15): warning C4101: 'j' : ローカル変数は 1 度も使われていません。
     1>C:\Users\K.Hotta\.node-gyp\0.10.28\deps\v8\include\v8.h(184): warning C4506: インライン関数 'v8::Persistent<v8::Object> v8::Persistent<v8::Object>::New(v8::Handle<v8::Object>)' は定義されていません。
     1>C:\Program Files (x86)\MSBuild\Microsoft.Cpp\v4.0\V120\Microsoft.CppBuild.targets(1193,5): warning MSB8012: TargetPath(G:\GitHub\Node-Image-Generator\png\build\Win32\Release\\png.node) does not match the Linker's OutputFile property value (G:\GitHub\Node-Image-Generator\png\build\Win32\Release\pngWin32.node). This may cause your project to build incorrectly. To correct this, please make sure that $(OutDir), $(TargetName) and $(TargetExt) property values match the value specified in %(Link.OutputFile).
     1>C:\Program Files (x86)\MSBuild\Microsoft.Cpp\v4.0\V120\Microsoft.CppBuild.targets(1195,5): warning MSB8012: TargetName(png) does not match the Linker's OutputFile property value (pngWin32). This may cause your project to build incorrectly. To correct this, please make sure that $(OutDir), $(TargetName) and $(TargetExt) property values match the value specified in %(Link.OutputFile).
       Link:
         C:\Program Files (x86)\Microsoft Visual Studio 12.0\VC\bin\link.exe /ERRORREPORT:PROMPT /OUT:"G:\GitHub\Node-Image-Generator\png\build\Win32\Release\pngWin32.node" /INCREMENTAL /NOLOGO /LIBPATH:.\Release kernel32.lib user32.lib gdi32.lib winspool.lib comdlg32.lib advapi32.lib shell32.lib ole32.lib oleaut32.lib uuid.lib odbc32.lib DelayImp.lib "C:\Users\K.Hotta\.node-gyp\0.10.28\ia32\node.lib" ../src/lib/x86/libpng17.lib ../src/lib/x86/zlib.lib /MANIFEST /MANIFESTUAC:"level='asInvoker' uiAccess='false'" /manifest:embed /PDB:"G:\GitHub\Node-Image-Generator\png\build\Win32\Release\png.pdb" /OPT:ICF /LTCG /TLBID:1 /DYNAMICBASE /NXCOMPAT /MACHINE:X86 /SAFESEH /DLL obj\png\png.obj
     1>LINK : warning LNK4075: /INCREMENTAL は /LTCG の指定によって無視されます。
            ライブラリ G:\GitHub\Node-Image-Generator\png\build\Win32\Release\pngWin32.lib とオブジェクト G:\GitHub\Node-Image-Generator\png\build\Win32\Release\pngWin32.exp を作成中
         コード生成しています。
         コード生成が終了しました。
         png.vcxproj -> G:\GitHub\Node-Image-Generator\png\build\Win32\Release\\png.node
     1>プロジェクト "G:\GitHub\Node-Image-Generator\png\build\png.vcxproj" (Build ターゲット) のビルドが完了しました。

ビルドに成功しました。

経過時間 00:00:01.37
