g:\users\k.hotta\desktop\png\png_library\libpng16\projects\vstudio\release library\libpng16.bsc
g:\github\node-image-generator\png\src\libpng\libpng16\projects\vstudio\release library\libpng16.bsc
g:\users\k.hotta\desktop\png\png_library\libpng16\projects\vstudio\libpng\release library\libpng16.pch
g:\users\k.hotta\desktop\png\png_library\libpng16\projects\vstudio\libpng\release library\vc120.pdb
g:\users\k.hotta\desktop\png\png_library\libpng16\projects\vstudio\libpng\release library\png.sbr
g:\users\k.hotta\desktop\png\png_library\libpng16\projects\vstudio\libpng\release library\png.obj
g:\users\k.hotta\desktop\png\png_library\libpng16\projects\vstudio\libpng\release library\pngerror.sbr
g:\users\k.hotta\desktop\png\png_library\libpng16\projects\vstudio\libpng\release library\pngget.sbr
g:\users\k.hotta\desktop\png\png_library\libpng16\projects\vstudio\libpng\release library\pngmem.sbr
g:\users\k.hotta\desktop\png\png_library\libpng16\projects\vstudio\libpng\release library\pngpread.sbr
g:\users\k.hotta\desktop\png\png_library\libpng16\projects\vstudio\libpng\release library\pngread.sbr
g:\users\k.hotta\desktop\png\png_library\libpng16\projects\vstudio\libpng\release library\pngrio.sbr
g:\users\k.hotta\desktop\png\png_library\libpng16\projects\vstudio\libpng\release library\pngrtran.sbr
g:\users\k.hotta\desktop\png\png_library\libpng16\projects\vstudio\libpng\release library\pngrutil.sbr
g:\users\k.hotta\desktop\png\png_library\libpng16\projects\vstudio\libpng\release library\pngset.sbr
g:\users\k.hotta\desktop\png\png_library\libpng16\projects\vstudio\libpng\release library\pngtrans.sbr
g:\users\k.hotta\desktop\png\png_library\libpng16\projects\vstudio\libpng\release library\pngwio.sbr
g:\users\k.hotta\desktop\png\png_library\libpng16\projects\vstudio\libpng\release library\pngwrite.sbr
g:\users\k.hotta\desktop\png\png_library\libpng16\projects\vstudio\libpng\release library\pngwtran.sbr
g:\users\k.hotta\desktop\png\png_library\libpng16\projects\vstudio\libpng\release library\pngwutil.sbr
g:\users\k.hotta\desktop\png\png_library\libpng16\projects\vstudio\libpng\release library\pngwutil.obj
g:\users\k.hotta\desktop\png\png_library\libpng16\projects\vstudio\libpng\release library\pngwtran.obj
g:\users\k.hotta\desktop\png\png_library\libpng16\projects\vstudio\libpng\release library\pngwrite.obj
g:\users\k.hotta\desktop\png\png_library\libpng16\projects\vstudio\libpng\release library\pngwio.obj
g:\users\k.hotta\desktop\png\png_library\libpng16\projects\vstudio\libpng\release library\pngtrans.obj
g:\users\k.hotta\desktop\png\png_library\libpng16\projects\vstudio\libpng\release library\pngset.obj
g:\users\k.hotta\desktop\png\png_library\libpng16\projects\vstudio\libpng\release library\pngrutil.obj
g:\users\k.hotta\desktop\png\png_library\libpng16\projects\vstudio\libpng\release library\pngrtran.obj
g:\users\k.hotta\desktop\png\png_library\libpng16\projects\vstudio\libpng\release library\pngrio.obj
g:\users\k.hotta\desktop\png\png_library\libpng16\projects\vstudio\libpng\release library\pngread.obj
g:\users\k.hotta\desktop\png\png_library\libpng16\projects\vstudio\libpng\release library\pngpread.obj
g:\users\k.hotta\desktop\png\png_library\libpng16\projects\vstudio\libpng\release library\pngmem.obj
g:\users\k.hotta\desktop\png\png_library\libpng16\projects\vstudio\libpng\release library\pngget.obj
g:\users\k.hotta\desktop\png\png_library\libpng16\projects\vstudio\libpng\release library\pngerror.obj
g:\github\node-image-generator\png\src\libpng\libpng16\projects\vstudio\libpng\release library\libpng16.pch
g:\github\node-image-generator\png\src\libpng\libpng16\projects\vstudio\libpng\release library\vc120.pdb
g:\github\node-image-generator\png\src\libpng\libpng16\projects\vstudio\libpng\release library\png.sbr
g:\github\node-image-generator\png\src\libpng\libpng16\projects\vstudio\libpng\release library\png.obj
g:\github\node-image-generator\png\src\libpng\libpng16\projects\vstudio\libpng\release library\pngerror.sbr
g:\github\node-image-generator\png\src\libpng\libpng16\projects\vstudio\libpng\release library\pngget.sbr
g:\github\node-image-generator\png\src\libpng\libpng16\projects\vstudio\libpng\release library\pngmem.sbr
g:\github\node-image-generator\png\src\libpng\libpng16\projects\vstudio\libpng\release library\pngpread.sbr
g:\github\node-image-generator\png\src\libpng\libpng16\projects\vstudio\libpng\release library\pngread.sbr
g:\github\node-image-generator\png\src\libpng\libpng16\projects\vstudio\libpng\release library\pngrio.sbr
g:\github\node-image-generator\png\src\libpng\libpng16\projects\vstudio\libpng\release library\pngrtran.sbr
g:\github\node-image-generator\png\src\libpng\libpng16\projects\vstudio\libpng\release library\pngrutil.sbr
g:\github\node-image-generator\png\src\libpng\libpng16\projects\vstudio\libpng\release library\pngset.sbr
g:\github\node-image-generator\png\src\libpng\libpng16\projects\vstudio\libpng\release library\pngtrans.sbr
g:\github\node-image-generator\png\src\libpng\libpng16\projects\vstudio\libpng\release library\pngwio.sbr
g:\github\node-image-generator\png\src\libpng\libpng16\projects\vstudio\libpng\release library\pngwrite.sbr
g:\github\node-image-generator\png\src\libpng\libpng16\projects\vstudio\libpng\release library\pngwtran.sbr
g:\github\node-image-generator\png\src\libpng\libpng16\projects\vstudio\libpng\release library\pngwutil.sbr
g:\github\node-image-generator\png\src\libpng\libpng16\projects\vstudio\libpng\release library\pngwutil.obj
g:\github\node-image-generator\png\src\libpng\libpng16\projects\vstudio\libpng\release library\pngwtran.obj
g:\github\node-image-generator\png\src\libpng\libpng16\projects\vstudio\libpng\release library\pngwrite.obj
g:\github\node-image-generator\png\src\libpng\libpng16\projects\vstudio\libpng\release library\pngwio.obj
g:\github\node-image-generator\png\src\libpng\libpng16\projects\vstudio\libpng\release library\pngtrans.obj
g:\github\node-image-generator\png\src\libpng\libpng16\projects\vstudio\libpng\release library\pngset.obj
g:\github\node-image-generator\png\src\libpng\libpng16\projects\vstudio\libpng\release library\pngrutil.obj
g:\github\node-image-generator\png\src\libpng\libpng16\projects\vstudio\libpng\release library\pngrtran.obj
g:\github\node-image-generator\png\src\libpng\libpng16\projects\vstudio\libpng\release library\pngrio.obj
g:\github\node-image-generator\png\src\libpng\libpng16\projects\vstudio\libpng\release library\pngread.obj
g:\github\node-image-generator\png\src\libpng\libpng16\projects\vstudio\libpng\release library\pngpread.obj
g:\github\node-image-generator\png\src\libpng\libpng16\projects\vstudio\libpng\release library\pngmem.obj
g:\github\node-image-generator\png\src\libpng\libpng16\projects\vstudio\libpng\release library\pngget.obj
g:\github\node-image-generator\png\src\libpng\libpng16\projects\vstudio\libpng\release library\pngerror.obj
g:\users\k.hotta\desktop\png\png_library\libpng16\projects\vstudio\release library\libpng16.lib
g:\github\node-image-generator\png\src\libpng\libpng16\projects\vstudio\release library\libpng16.lib
g:\github\node-image-generator\png\src\libpng\libpng16\projects\vstudio\libpng\release library\libpng.tlog\bscmake.command.1.tlog
g:\github\node-image-generator\png\src\libpng\libpng16\projects\vstudio\libpng\release library\libpng.tlog\bscmake.read.1.tlog
g:\github\node-image-generator\png\src\libpng\libpng16\projects\vstudio\libpng\release library\libpng.tlog\bscmake.write.1.tlog
g:\github\node-image-generator\png\src\libpng\libpng16\projects\vstudio\libpng\release library\libpng.tlog\cl.command.1.tlog
g:\github\node-image-generator\png\src\libpng\libpng16\projects\vstudio\libpng\release library\libpng.tlog\cl.read.1.tlog
g:\github\node-image-generator\png\src\libpng\libpng16\projects\vstudio\libpng\release library\libpng.tlog\cl.write.1.tlog
g:\github\node-image-generator\png\src\libpng\libpng16\projects\vstudio\libpng\release library\libpng.tlog\lib-link.read.1.tlog
g:\github\node-image-generator\png\src\libpng\libpng16\projects\vstudio\libpng\release library\libpng.tlog\lib-link.write.1.tlog
g:\github\node-image-generator\png\src\libpng\libpng16\projects\vstudio\libpng\release library\libpng.tlog\lib.command.1.tlog
