g:\users\k.hotta\desktop\png\png_library\libpng16\projects\vstudio\release library\pngunknown.bsc
g:\github\node-image-generator\png\src\libpng\libpng16\projects\vstudio\release library\pngunknown.bsc
g:\users\k.hotta\desktop\png\png_library\libpng16\projects\vstudio\pngunknown\release library\vc120.pdb
g:\users\k.hotta\desktop\png\png_library\libpng16\projects\vstudio\pngunknown\release library\pngunknown.sbr
g:\users\k.hotta\desktop\png\png_library\libpng16\projects\vstudio\pngunknown\release library\pngunknown.obj
g:\github\node-image-generator\png\src\libpng\libpng16\projects\vstudio\pngunknown\release library\vc120.pdb
g:\github\node-image-generator\png\src\libpng\libpng16\projects\vstudio\pngunknown\release library\pngunknown.sbr
g:\github\node-image-generator\png\src\libpng\libpng16\projects\vstudio\pngunknown\release library\pngunknown.obj
g:\users\k.hotta\desktop\png\png_library\libpng16\projects\vstudio\release library\pngunknown.exe
g:\users\k.hotta\desktop\png\png_library\libpng16\projects\vstudio\release library\pngunknown.pdb
g:\github\node-image-generator\png\src\libpng\libpng16\projects\vstudio\release library\pngunknown.exe
g:\github\node-image-generator\png\src\libpng\libpng16\projects\vstudio\release library\pngunknown.pdb
g:\users\k.hotta\desktop\png\png_library\libpng16\projects\vstudio\pngunknown\release library\pngunknown.out
g:\github\node-image-generator\png\src\libpng\libpng16\projects\vstudio\pngunknown\release library\pngunknown.out
g:\github\node-image-generator\png\src\libpng\libpng16\projects\vstudio\pngunknown\release library\pngunknown.tlog\bscmake.command.1.tlog
g:\github\node-image-generator\png\src\libpng\libpng16\projects\vstudio\pngunknown\release library\pngunknown.tlog\bscmake.read.1.tlog
g:\github\node-image-generator\png\src\libpng\libpng16\projects\vstudio\pngunknown\release library\pngunknown.tlog\bscmake.write.1.tlog
g:\github\node-image-generator\png\src\libpng\libpng16\projects\vstudio\pngunknown\release library\pngunknown.tlog\cl.command.1.tlog
g:\github\node-image-generator\png\src\libpng\libpng16\projects\vstudio\pngunknown\release library\pngunknown.tlog\cl.read.1.tlog
g:\github\node-image-generator\png\src\libpng\libpng16\projects\vstudio\pngunknown\release library\pngunknown.tlog\cl.write.1.tlog
g:\github\node-image-generator\png\src\libpng\libpng16\projects\vstudio\pngunknown\release library\pngunknown.tlog\link.command.1.tlog
g:\github\node-image-generator\png\src\libpng\libpng16\projects\vstudio\pngunknown\release library\pngunknown.tlog\link.read.1.tlog
g:\github\node-image-generator\png\src\libpng\libpng16\projects\vstudio\pngunknown\release library\pngunknown.tlog\link.write.1.tlog
g:\github\node-image-generator\png\src\libpng\libpng16\projects\vstudio\pngunknown\release library\pngunknown.tlog\pngunknown.write.1u.tlog
