g:\users\k.hotta\desktop\png\png_library\libpng16\projects\vstudio\release library\zlib.bsc
g:\github\node-image-generator\png\src\libpng\libpng16\projects\vstudio\release library\zlib.bsc
g:\users\k.hotta\desktop\png\png_library\libpng16\projects\vstudio\zlib\release library\vc120.pdb
g:\users\k.hotta\desktop\png\png_library\libpng16\projects\vstudio\zlib\release library\adler32.sbr
g:\users\k.hotta\desktop\png\png_library\libpng16\projects\vstudio\zlib\release library\compress.sbr
g:\users\k.hotta\desktop\png\png_library\libpng16\projects\vstudio\zlib\release library\crc32.sbr
g:\users\k.hotta\desktop\png\png_library\libpng16\projects\vstudio\zlib\release library\deflate.sbr
g:\users\k.hotta\desktop\png\png_library\libpng16\projects\vstudio\zlib\release library\infback.sbr
g:\users\k.hotta\desktop\png\png_library\libpng16\projects\vstudio\zlib\release library\inffast.sbr
g:\users\k.hotta\desktop\png\png_library\libpng16\projects\vstudio\zlib\release library\inflate.sbr
g:\users\k.hotta\desktop\png\png_library\libpng16\projects\vstudio\zlib\release library\inftrees.sbr
g:\users\k.hotta\desktop\png\png_library\libpng16\projects\vstudio\zlib\release library\trees.sbr
g:\users\k.hotta\desktop\png\png_library\libpng16\projects\vstudio\zlib\release library\uncompr.sbr
g:\users\k.hotta\desktop\png\png_library\libpng16\projects\vstudio\zlib\release library\zutil.sbr
g:\users\k.hotta\desktop\png\png_library\libpng16\projects\vstudio\zlib\release library\zutil.obj
g:\users\k.hotta\desktop\png\png_library\libpng16\projects\vstudio\zlib\release library\uncompr.obj
g:\users\k.hotta\desktop\png\png_library\libpng16\projects\vstudio\zlib\release library\trees.obj
g:\users\k.hotta\desktop\png\png_library\libpng16\projects\vstudio\zlib\release library\inftrees.obj
g:\users\k.hotta\desktop\png\png_library\libpng16\projects\vstudio\zlib\release library\inflate.obj
g:\users\k.hotta\desktop\png\png_library\libpng16\projects\vstudio\zlib\release library\inffast.obj
g:\users\k.hotta\desktop\png\png_library\libpng16\projects\vstudio\zlib\release library\infback.obj
g:\users\k.hotta\desktop\png\png_library\libpng16\projects\vstudio\zlib\release library\deflate.obj
g:\users\k.hotta\desktop\png\png_library\libpng16\projects\vstudio\zlib\release library\crc32.obj
g:\users\k.hotta\desktop\png\png_library\libpng16\projects\vstudio\zlib\release library\compress.obj
g:\users\k.hotta\desktop\png\png_library\libpng16\projects\vstudio\zlib\release library\adler32.obj
g:\github\node-image-generator\png\src\libpng\libpng16\projects\vstudio\zlib\release library\vc120.pdb
g:\github\node-image-generator\png\src\libpng\libpng16\projects\vstudio\zlib\release library\adler32.sbr
g:\github\node-image-generator\png\src\libpng\libpng16\projects\vstudio\zlib\release library\compress.sbr
g:\github\node-image-generator\png\src\libpng\libpng16\projects\vstudio\zlib\release library\crc32.sbr
g:\github\node-image-generator\png\src\libpng\libpng16\projects\vstudio\zlib\release library\deflate.sbr
g:\github\node-image-generator\png\src\libpng\libpng16\projects\vstudio\zlib\release library\infback.sbr
g:\github\node-image-generator\png\src\libpng\libpng16\projects\vstudio\zlib\release library\inffast.sbr
g:\github\node-image-generator\png\src\libpng\libpng16\projects\vstudio\zlib\release library\inflate.sbr
g:\github\node-image-generator\png\src\libpng\libpng16\projects\vstudio\zlib\release library\inftrees.sbr
g:\github\node-image-generator\png\src\libpng\libpng16\projects\vstudio\zlib\release library\trees.sbr
g:\github\node-image-generator\png\src\libpng\libpng16\projects\vstudio\zlib\release library\uncompr.sbr
g:\github\node-image-generator\png\src\libpng\libpng16\projects\vstudio\zlib\release library\zutil.sbr
g:\github\node-image-generator\png\src\libpng\libpng16\projects\vstudio\zlib\release library\zutil.obj
g:\github\node-image-generator\png\src\libpng\libpng16\projects\vstudio\zlib\release library\uncompr.obj
g:\github\node-image-generator\png\src\libpng\libpng16\projects\vstudio\zlib\release library\trees.obj
g:\github\node-image-generator\png\src\libpng\libpng16\projects\vstudio\zlib\release library\inftrees.obj
g:\github\node-image-generator\png\src\libpng\libpng16\projects\vstudio\zlib\release library\inflate.obj
g:\github\node-image-generator\png\src\libpng\libpng16\projects\vstudio\zlib\release library\inffast.obj
g:\github\node-image-generator\png\src\libpng\libpng16\projects\vstudio\zlib\release library\infback.obj
g:\github\node-image-generator\png\src\libpng\libpng16\projects\vstudio\zlib\release library\deflate.obj
g:\github\node-image-generator\png\src\libpng\libpng16\projects\vstudio\zlib\release library\crc32.obj
g:\github\node-image-generator\png\src\libpng\libpng16\projects\vstudio\zlib\release library\compress.obj
g:\github\node-image-generator\png\src\libpng\libpng16\projects\vstudio\zlib\release library\adler32.obj
g:\users\k.hotta\desktop\png\png_library\libpng16\projects\vstudio\release library\zlib.lib
g:\github\node-image-generator\png\src\libpng\libpng16\projects\vstudio\release library\zlib.lib
g:\github\node-image-generator\png\src\libpng\libpng16\projects\vstudio\zlib\release library\zlib.tlog\bscmake.command.1.tlog
g:\github\node-image-generator\png\src\libpng\libpng16\projects\vstudio\zlib\release library\zlib.tlog\bscmake.read.1.tlog
g:\github\node-image-generator\png\src\libpng\libpng16\projects\vstudio\zlib\release library\zlib.tlog\bscmake.write.1.tlog
g:\github\node-image-generator\png\src\libpng\libpng16\projects\vstudio\zlib\release library\zlib.tlog\cl.command.1.tlog
g:\github\node-image-generator\png\src\libpng\libpng16\projects\vstudio\zlib\release library\zlib.tlog\cl.read.1.tlog
g:\github\node-image-generator\png\src\libpng\libpng16\projects\vstudio\zlib\release library\zlib.tlog\cl.write.1.tlog
g:\github\node-image-generator\png\src\libpng\libpng16\projects\vstudio\zlib\release library\zlib.tlog\lib-link.read.1.tlog
g:\github\node-image-generator\png\src\libpng\libpng16\projects\vstudio\zlib\release library\zlib.tlog\lib-link.write.1.tlog
g:\github\node-image-generator\png\src\libpng\libpng16\projects\vstudio\zlib\release library\zlib.tlog\lib.command.1.tlog
