g:\github\node-image-generator\png\src\libpng\projects\vstudio\debug\pngunknown.bsc
g:\github\node-image-generator\png\src\libpng\projects\vstudio\pngunknown\debug\vc120.pdb
g:\github\node-image-generator\png\src\libpng\projects\vstudio\pngunknown\debug\pngunknown.sbr
g:\github\node-image-generator\png\src\libpng\projects\vstudio\pngunknown\debug\pngunknown.obj
g:\github\node-image-generator\png\src\libpng\projects\vstudio\debug\pngunknown.exe
g:\github\node-image-generator\png\src\libpng\projects\vstudio\debug\pngunknown.pdb
g:\github\node-image-generator\png\src\libpng\projects\vstudio\pngunknown\debug\pngunknown.out
g:\github\node-image-generator\png\png_library\libpng17\projects\vstudio\pngunknown\debug\pngunknown.obj
g:\github\node-image-generator\png\png_library\libpng17\projects\vstudio\pngunknown\debug\vc120.pdb
g:\github\node-image-generator\png\png_library\libpng17\projects\vstudio\pngunknown\debug\pngunknown.sbr
g:\github\node-image-generator\png\png_library\libpng17\projects\vstudio\debug\pngunknown.pdb
g:\github\node-image-generator\png\png_library\libpng17\projects\vstudio\debug\pngunknown.exe
g:\github\node-image-generator\png\png_library\libpng17\projects\vstudio\debug\pngunknown.bsc
g:\github\node-image-generator\png\png_library\libpng17\projects\vstudio\pngunknown\debug\pngunknown.tlog\bscmake.command.1.tlog
g:\github\node-image-generator\png\png_library\libpng17\projects\vstudio\pngunknown\debug\pngunknown.tlog\bscmake.read.1.tlog
g:\github\node-image-generator\png\png_library\libpng17\projects\vstudio\pngunknown\debug\pngunknown.tlog\bscmake.write.1.tlog
g:\github\node-image-generator\png\png_library\libpng17\projects\vstudio\pngunknown\debug\pngunknown.tlog\cl.command.1.tlog
g:\github\node-image-generator\png\png_library\libpng17\projects\vstudio\pngunknown\debug\pngunknown.tlog\cl.read.1.tlog
g:\github\node-image-generator\png\png_library\libpng17\projects\vstudio\pngunknown\debug\pngunknown.tlog\cl.write.1.tlog
g:\github\node-image-generator\png\png_library\libpng17\projects\vstudio\pngunknown\debug\pngunknown.tlog\link.command.1.tlog
g:\github\node-image-generator\png\png_library\libpng17\projects\vstudio\pngunknown\debug\pngunknown.tlog\link.read.1.tlog
g:\github\node-image-generator\png\png_library\libpng17\projects\vstudio\pngunknown\debug\pngunknown.tlog\link.write.1.tlog
g:\github\node-image-generator\png\png_library\libpng17\projects\vstudio\pngunknown\debug\pngunknown.tlog\pngunknown.write.1u.tlog
