2015/01/01 0:43:33 にビルドを開始しました。
     1>ノード 5 上のプロジェクト "G:\GitHub\Node-Image-Generator\png\png_library\libpng17\projects\vstudio\pngunknown\pngunknown.vcxproj" (Rebuild ターゲット)。
     1>ClCompile:
         C:\Program Files (x86)\Microsoft Visual Studio 12.0\VC\bin\CL.exe /c /I..\..\..\..\zlib /I..\..\..\scripts /Zi /nologo /W4 /WX /Od /Oi /Oy- /D WIN32 /D _DEBUG /D _CONSOLE /D PNG_USE_DLL /D _UNICODE /D UNICODE /GF /Gm- /EHsc /RTC1 /MDd /GS /Gy- /fp:precise /fp:except- /Zc:wchar_t /Zc:forScope /Fo"Debug\\" /Fd"Debug\vc120.pdb" /FR"Debug\\" /Gd /TC /wd4996 /wd4127 /analyze- /errorReport:prompt ..\..\..\contrib\libtests\pngunknown.c
         pngunknown.c
       Link:
         C:\Program Files (x86)\Microsoft Visual Studio 12.0\VC\bin\link.exe /ERRORREPORT:PROMPT /OUT:"G:\GitHub\Node-Image-Generator\png\png_library\libpng17\projects\vstudio\Debug\pngunknown.exe" /INCREMENTAL:NO /NOLOGO /LIBPATH:"G:\GitHub\Node-Image-Generator\png\png_library\libpng17\projects\vstudio\Debug\\" libpng17.lib /MANIFEST /MANIFESTUAC:"level='asInvoker' uiAccess='false'" /manifest:embed /DEBUG /PDB:"G:\GitHub\Node-Image-Generator\png\png_library\libpng17\projects\vstudio\Debug\pngunknown.pdb" /SUBSYSTEM:CONSOLE /TLBID:1 /DYNAMICBASE /NXCOMPAT /IMPLIB:"G:\GitHub\Node-Image-Generator\png\png_library\libpng17\projects\vstudio\Debug\pngunknown.lib" /MACHINE:X86 /SAFESEH Debug\pngunknown.obj
         pngunknown.vcxproj -> G:\GitHub\Node-Image-Generator\png\png_library\libpng17\projects\vstudio\Debug\pngunknown.exe
       BscMake:
         C:\Program Files (x86)\Microsoft Visual Studio 12.0\VC\bin\bscmake.exe /nologo /o"G:\GitHub\Node-Image-Generator\png\png_library\libpng17\projects\vstudio\Debug\pngunknown.bsc" Debug\pngunknown.sbr
       CustomBuildStep:
         "G:\GitHub\Node-Image-Generator\png\png_library\libpng17\projects\vstudio\Debug\pngunknown.exe" --strict --default --touch "Debug\pngunknown.out" ../../../pngtest.png
         :VCEnd
         PASS: G:\GitHub\Node-Image-Generator\png\png_library\libpng17\projects\vstudio\Debug\pngunknown.exe discard
         PASS: G:\GitHub\Node-Image-Generator\png\png_library\libpng17\projects\vstudio\Debug\pngunknown.exe save
         PASS: G:\GitHub\Node-Image-Generator\png\png_library\libpng17\projects\vstudio\Debug\pngunknown.exe if-safe
         PASS: G:\GitHub\Node-Image-Generator\png\png_library\libpng17\projects\vstudio\Debug\pngunknown.exe vpAg
         PASS: G:\GitHub\Node-Image-Generator\png\png_library\libpng17\projects\vstudio\Debug\pngunknown.exe sTER
         PASS: G:\GitHub\Node-Image-Generator\png\png_library\libpng17\projects\vstudio\Debug\pngunknown.exe IDAT
         PASS: G:\GitHub\Node-Image-Generator\png\png_library\libpng17\projects\vstudio\Debug\pngunknown.exe sAPI
     1>プロジェクト "G:\GitHub\Node-Image-Generator\png\png_library\libpng17\projects\vstudio\pngunknown\pngunknown.vcxproj" (Rebuild ターゲット) のビルドが完了しました。

ビルドに成功しました。

経過時間 00:00:01.21
